#
# A fatal error has been detected by the Java Runtime Environment:
#
#  SIGSEGV (0xb) at pc=0x000000010b646914, pid=53092, tid=18947
#
# JRE version: Java(TM) SE Runtime Environment (8.0_60-b27) (build 1.8.0_60-b27)
# Java VM: Java HotSpot(TM) 64-Bit Server VM (25.60-b23 mixed mode bsd-amd64 compressed oops)
# Problematic frame:
# V  [libjvm.dylib+0x446914]
#
# Failed to write core dump. Core dumps have been disabled. To enable core dumping, try "ulimit -c unlimited" before starting Java again
#
# If you would like to submit a bug report, please visit:
#   http://bugreport.java.com/bugreport/crash.jsp
#

---------------  T H R E A D  ---------------

Current thread (0x00007fd585000000):  JavaThread "JDWP Transport Listener: dt_socket" daemon [_thread_in_vm, id=18947, stack(0x0000700000ec4000,0x0000700000fc4000)]

siginfo: si_signo: 11 (SIGSEGV), si_code: 0 (unknown), si_addr: 0x0000000000000000

Registers:
RAX=0x0000000000000001, RBX=0x0000700000fc3a8b, RCX=0x000000010ba15310, RDX=0x0000700000fc3a8b
RSP=0x0000700000fc39d0, RBP=0x0000700000fc39e0, RSI=0x00007fd585000000, RDI=0x312474696e55656d
R8 =0x0000000000000000, R9 =0x00007fd580f17830, R10=0x00000000af1670e0, R11=0x00007fd580f00000
R12=0x00007fd585000000, R13=0x312474696e55656d, R14=0x312474696e55656d, R15=0x00007fd580e02750
RIP=0x000000010b646914, EFLAGS=0x0000000000010202, ERR=0x0000000000000000
  TRAPNO=0x000000000000000d

Top of Stack: (sp=0x0000700000fc39d0)
0x0000700000fc39d0:   0000700000fc3a8b 0000700000fc3a8b
0x0000700000fc39e0:   0000700000fc3a40 000000010b555a0e
0x0000700000fc39f0:   00007fd585000000 0000000000000000
0x0000700000fc3a00:   0000000000000000 0000000000000000
0x0000700000fc3a10:   00007fd585000000 00007fd585000000
0x0000700000fc3a20:   0000700000fc3a8b 0000700000fc3a90
0x0000700000fc3a30:   312474696e55656d 0000000000000003
0x0000700000fc3a40:   0000700000fc3a60 000000010c1de780
0x0000700000fc3a50:   0000000000000001 0000700000fc3b08
0x0000700000fc3a60:   0000700000fc3ad0 000000010c1c31f3
0x0000700000fc3a70:   0000700000fc3aa0 00007fd580f193c0
0x0000700000fc3a80:   0000000500000032 0000000900fc3b08
0x0000700000fc3a90:   0000000000000000 0000000000000000
0x0000700000fc3aa0:   0000000000000000 0000700000fc3c90
0x0000700000fc3ab0:   000000010c1e5e7a 00007fd580c30090
0x0000700000fc3ac0:   0000700000fc3b08 000000010c1f1598
0x0000700000fc3ad0:   0000700000fc3ae0 000000010c1c32ec
0x0000700000fc3ae0:   0000700000fc3d00 000000010c1cc898
0x0000700000fc3af0:   000196ec00000013 00000000000f0200
0x0000700000fc3b00:   00007fd580c31170 0000700000fc3bd2
0x0000700000fc3b10:   00007fd5000000b2 0000700000fc3b20
0x0000700000fc3b20:   000000000000007a 0000700000fc3b58
0x0000700000fc3b30:   0000000000000000 0000000000000000
0x0000700000fc3b40:   000196ec0000001c 00007fff0000dc80
0x0000700000fc3b50:   0000700000fc3b58 d57f000005000000
0x0000700000fc3b60:   080000001801e280 3e74696e696c633c
0x0000700000fc3b70:   0056292803000000 0008000000000000
0x0000700000fc3b80:   001001e280d57f00 74696e693c060000
0x0000700000fc3b90:   562928030000003e 0100000000000000
0x0000700000fc3ba0:   2001e280d57f0000 6e69616d04000000
0x0000700000fc3bb0:   6a4c5b2816000000 676e616c2f617661
0x0000700000fc3bc0:   3b676e697274532f 0000000000005629 

Instructions: (pc=0x000000010b646914)
0x000000010b6468f4:   40 48 48 85 c0 75 e0 30 c0 0f b6 c0 5d c3 31 c0
0x000000010b646904:   5d c3 55 48 89 e5 53 48 83 ec 08 48 85 ff 74 24
0x000000010b646914:   48 8b 1f 48 85 db 74 1c 48 83 fb 37 74 16 48 8b
0x000000010b646924:   03 48 89 df ff 50 10 84 c0 b8 00 00 00 00 48 0f 

Register to memory mapping:

RAX=0x0000000000000001 is an unknown value
RBX=0x0000700000fc3a8b is pointing into the stack for thread: 0x00007fd585000000
RCX=0x000000010ba15310: UseMembar+0 in /Library/Java/JavaVirtualMachines/jdk1.8.0_60.jdk/Contents/Home/jre/lib/server/libjvm.dylib at 0x000000010b200000
RDX=0x0000700000fc3a8b is pointing into the stack for thread: 0x00007fd585000000
RSP=0x0000700000fc39d0 is pointing into the stack for thread: 0x00007fd585000000
RBP=0x0000700000fc39e0 is pointing into the stack for thread: 0x00007fd585000000
RSI=0x00007fd585000000 is a thread
RDI=0x312474696e55656d is an unknown value
R8 =0x0000000000000000 is an unknown value
R9 =0x00007fd580f17830 is an unknown value
R10=0x00000000af1670e0 is an unknown value
R11=0x00007fd580f00000 is an unknown value
R12=0x00007fd585000000 is a thread
R13=0x312474696e55656d is an unknown value
R14=0x312474696e55656d is an unknown value
R15=0x00007fd580e02750 is an unknown value


Stack: [0x0000700000ec4000,0x0000700000fc4000],  sp=0x0000700000fc39d0,  free space=1022k
Native frames: (J=compiled Java code, j=interpreted, Vv=VM code, C=native code)
V  [libjvm.dylib+0x446914]
V  [libjvm.dylib+0x355a0e]
C  [libjdwp.dylib+0x20780]  isMethodSynthetic+0x63
C  [libjdwp.dylib+0x51f3]  methods1+0x10b
C  [libjdwp.dylib+0x52ec]  methodsWithGeneric+0xe
C  [libjdwp.dylib+0xe898]  debugLoop_run+0x1ce
C  [libjdwp.dylib+0x1f6ba]  attachThread+0x4d
V  [libjvm.dylib+0x396d6c]
V  [libjvm.dylib+0x5612d3]
V  [libjvm.dylib+0x5629ce]
V  [libjvm.dylib+0x48343a]
C  [libsystem_pthread.dylib+0x399d]  _pthread_body+0x83
C  [libsystem_pthread.dylib+0x391a]  _pthread_body+0x0
C  [libsystem_pthread.dylib+0x1351]  thread_start+0xd
C  0x0000000000000000


---------------  P R O C E S S  ---------------

Java Threads: ( => current thread )
  0x00007fd58380d800 JavaThread "DestroyJavaVM" [_thread_blocked, id=5891, stack(0x000070000011a000,0x000070000021a000)]
  0x00007fd58201d800 JavaThread "Thread-2" [_thread_blocked, id=25859, stack(0x0000700001ae8000,0x0000700001be8000)]
  0x00007fd582000000 JavaThread "pool-1-thread-1" [_thread_blocked, id=15627, stack(0x00007000017df000,0x00007000018df000)]
  0x00007fd58201e800 JavaThread "Thread-1" [_thread_in_native, id=25347, stack(0x00007000019e5000,0x0000700001ae5000)]
  0x00007fd581048800 JavaThread "Service Thread" daemon [_thread_blocked, id=22531, stack(0x00007000015d9000,0x00007000016d9000)]
  0x00007fd581014000 JavaThread "C1 CompilerThread3" daemon [_thread_blocked, id=22019, stack(0x00007000014d6000,0x00007000015d6000)]
  0x00007fd581013800 JavaThread "C2 CompilerThread2" daemon [_thread_blocked, id=21507, stack(0x00007000013d3000,0x00007000014d3000)]
  0x00007fd581015800 JavaThread "C2 CompilerThread1" daemon [_thread_blocked, id=20995, stack(0x00007000012d0000,0x00007000013d0000)]
  0x00007fd582006800 JavaThread "C2 CompilerThread0" daemon [_thread_blocked, id=20483, stack(0x00007000011cd000,0x00007000012cd000)]
  0x00007fd581012800 JavaThread "JDWP Command Reader" daemon [_thread_in_native, id=19971, stack(0x00007000010ca000,0x00007000011ca000)]
  0x00007fd585001000 JavaThread "JDWP Event Helper Thread" daemon [_thread_blocked, id=19459, stack(0x0000700000fc7000,0x00007000010c7000)]
=>0x00007fd585000000 JavaThread "JDWP Transport Listener: dt_socket" daemon [_thread_in_vm, id=18947, stack(0x0000700000ec4000,0x0000700000fc4000)]
  0x00007fd583030800 JavaThread "Signal Dispatcher" daemon [_thread_blocked, id=15887, stack(0x0000700000dc1000,0x0000700000ec1000)]
  0x00007fd58100c800 JavaThread "Finalizer" daemon [_thread_blocked, id=14339, stack(0x0000700000c3b000,0x0000700000d3b000)]
  0x00007fd58100b800 JavaThread "Reference Handler" daemon [_thread_blocked, id=13827, stack(0x0000700000b38000,0x0000700000c38000)]

Other Threads:
  0x00007fd583022000 VMThread [stack: 0x0000700000a35000,0x0000700000b35000] [id=13315]
  0x00007fd581881000 WatcherThread [stack: 0x00007000016dc000,0x00007000017dc000] [id=23043]

VM state:not at safepoint (normal execution)

VM Mutex/Monitor currently owned by a thread: None

Heap:
 PSYoungGen      total 76288K, used 14429K [0x000000076ab00000, 0x0000000770000000, 0x00000007c0000000)
  eden space 65536K, 22% used [0x000000076ab00000,0x000000076b917728,0x000000076eb00000)
  from space 10752K, 0% used [0x000000076f580000,0x000000076f580000,0x0000000770000000)
  to   space 10752K, 0% used [0x000000076eb00000,0x000000076eb00000,0x000000076f580000)
 ParOldGen       total 175104K, used 0K [0x00000006c0000000, 0x00000006cab00000, 0x000000076ab00000)
  object space 175104K, 0% used [0x00000006c0000000,0x00000006c0000000,0x00000006cab00000)
 Metaspace       used 4814K, capacity 5036K, committed 5248K, reserved 1056768K
  class space    used 554K, capacity 596K, committed 640K, reserved 1048576K

Card table byte_map: [0x000000011b5c9000,0x000000011bdca000] byte_map_base: 0x0000000117fc9000

Marking Bits: (ParMarkBitMap*) 0x000000010badee20
 Begin Bits: [0x000000011c320000, 0x0000000120320000)
 End Bits:   [0x0000000120320000, 0x0000000124320000)

Polling page: 0x000000010a1d3000

CodeCache: size=245760Kb used=1434Kb max_used=1445Kb free=244325Kb
 bounds [0x000000010c209000, 0x000000010c479000, 0x000000011b209000]
 total_blobs=439 nmethods=170 adapters=191
 compilation: enabled

Compilation events (10 events):
Event: 69,775 Thread 0x00007fd581014000  169       1       java.lang.Byte::byteValue (5 bytes)
Event: 69,775 Thread 0x00007fd581014000 nmethod 169 0x000000010c35f5d0 code [0x000000010c35f720, 0x000000010c35f830]
Event: 69,775 Thread 0x00007fd581014000  170       3       java.util.regex.Pattern$Slice::match (79 bytes)
Event: 69,776 Thread 0x00007fd582006800  173       4       java.lang.CharacterDataLatin1::toLowerCase (39 bytes)
Event: 69,776 Thread 0x00007fd581014000 nmethod 170 0x000000010c36ef50 code [0x000000010c36f0e0, 0x000000010c36f598]
Event: 69,776 Thread 0x00007fd581014000  171       3       java.util.regex.Pattern$GroupTail::match (111 bytes)
Event: 69,776 Thread 0x00007fd581014000 nmethod 171 0x000000010c36f790 code [0x000000010c36f920, 0x000000010c36fd08]
Event: 69,776 Thread 0x00007fd581014000  172       1       java.net.URLClassLoader::access$000 (5 bytes)
Event: 69,776 Thread 0x00007fd581014000 nmethod 172 0x000000010c361a10 code [0x000000010c361b60, 0x000000010c361c50]
Event: 69,777 Thread 0x00007fd582006800 nmethod 173 0x000000010c361710 code [0x000000010c361860, 0x000000010c361938]

GC Heap History (0 events):
No events

Deoptimization events (0 events):
No events

Internal exceptions (9 events):
Event: 0,038 Thread 0x00007fd581822000 Exception <a 'java/lang/NoSuchMethodError': Method sun.misc.Unsafe.defineClass(Ljava/lang/String;[BII)Ljava/lang/Class; name or signature does not match> (0x000000076ab12c58) thrown at [/Users/java_re/workspace/8-2-build-macosx-x86_64/jdk8u60/4407/hotspot
Event: 0,038 Thread 0x00007fd581822000 Exception <a 'java/lang/NoSuchMethodError': Method sun.misc.Unsafe.prefetchRead(Ljava/lang/Object;J)V name or signature does not match> (0x000000076ab12f40) thrown at [/Users/java_re/workspace/8-2-build-macosx-x86_64/jdk8u60/4407/hotspot/src/share/vm/prim
Event: 0,128 Thread 0x00007fd581822000 Exception <a 'java/util/zip/ZipException'> (0x000000076ab88bd8) thrown at [/Users/java_re/workspace/8-2-build-macosx-x86_64/jdk8u60/4407/hotspot/src/share/vm/prims/jni.cpp, line 709]
Event: 0,128 Thread 0x00007fd581822000 Exception <a 'java/security/PrivilegedActionException'> (0x000000076ab88e78) thrown at [/Users/java_re/workspace/8-2-build-macosx-x86_64/jdk8u60/4407/hotspot/src/share/vm/prims/jvm.cpp, line 1386]
Event: 0,128 Thread 0x00007fd581822000 Exception <a 'java/security/PrivilegedActionException'> (0x000000076ab89088) thrown at [/Users/java_re/workspace/8-2-build-macosx-x86_64/jdk8u60/4407/hotspot/src/share/vm/prims/jvm.cpp, line 1386]
Event: 10,742 Thread 0x00007fd581822000 Exception <a 'java/security/PrivilegedActionException'> (0x000000076abef868) thrown at [/Users/java_re/workspace/8-2-build-macosx-x86_64/jdk8u60/4407/hotspot/src/share/vm/prims/jvm.cpp, line 1386]
Event: 10,742 Thread 0x00007fd581822000 Exception <a 'java/security/PrivilegedActionException'> (0x000000076abefc60) thrown at [/Users/java_re/workspace/8-2-build-macosx-x86_64/jdk8u60/4407/hotspot/src/share/vm/prims/jvm.cpp, line 1386]
Event: 10,743 Thread 0x00007fd581822000 Exception <a 'java/security/PrivilegedActionException'> (0x000000076abf30e8) thrown at [/Users/java_re/workspace/8-2-build-macosx-x86_64/jdk8u60/4407/hotspot/src/share/vm/prims/jvm.cpp, line 1386]
Event: 10,743 Thread 0x00007fd581822000 Exception <a 'java/security/PrivilegedActionException'> (0x000000076abf34e0) thrown at [/Users/java_re/workspace/8-2-build-macosx-x86_64/jdk8u60/4407/hotspot/src/share/vm/prims/jvm.cpp, line 1386]

Events (10 events):
Event: 70,619 Executing VM operation: GetOrSetLocal
Event: 70,619 Executing VM operation: GetOrSetLocal done
Event: 70,619 Executing VM operation: GetOrSetLocal
Event: 70,619 Executing VM operation: GetOrSetLocal done
Event: 70,619 Executing VM operation: GetOrSetLocal
Event: 70,619 Executing VM operation: GetOrSetLocal done
Event: 76,682 Thread 0x00007fd581822000 Thread exited: 0x00007fd581822000
Event: 76,682 Thread 0x00007fd58380d800 Thread added: 0x00007fd58380d800
Event: 110,520 Executing VM operation: RedefineClasses
Event: 110,524 Executing VM operation: RedefineClasses done


Dynamic libraries:
0x0000000006797000 	/System/Library/Frameworks/Cocoa.framework/Versions/A/Cocoa
0x0000000006797000 	/System/Library/Frameworks/Security.framework/Versions/A/Security
0x0000000006797000 	/System/Library/Frameworks/ApplicationServices.framework/Versions/A/ApplicationServices
0x0000000006797000 	/usr/lib/libz.1.dylib
0x0000000006797000 	/usr/lib/libSystem.B.dylib
0x0000000006797000 	/usr/lib/libobjc.A.dylib
0x0000000006797000 	/System/Library/Frameworks/CoreFoundation.framework/Versions/A/CoreFoundation
0x0000000006797000 	/System/Library/Frameworks/Foundation.framework/Versions/C/Foundation
0x0000000006797000 	/System/Library/Frameworks/AppKit.framework/Versions/C/AppKit
0x0000000006797000 	/System/Library/Frameworks/CoreData.framework/Versions/A/CoreData
0x0000000006797000 	/System/Library/PrivateFrameworks/RemoteViewServices.framework/Versions/A/RemoteViewServices
0x0000000006797000 	/System/Library/PrivateFrameworks/UIFoundation.framework/Versions/A/UIFoundation
0x0000000006797000 	/usr/lib/libScreenReader.dylib
0x0000000006797000 	/System/Library/Frameworks/Accelerate.framework/Versions/A/Accelerate
0x0000000006797000 	/System/Library/Frameworks/IOSurface.framework/Versions/A/IOSurface
0x0000000006797000 	/System/Library/Frameworks/AudioToolbox.framework/Versions/A/AudioToolbox
0x0000000006797000 	/System/Library/Frameworks/AudioUnit.framework/Versions/A/AudioUnit
0x0000000006797000 	/System/Library/PrivateFrameworks/DataDetectorsCore.framework/Versions/A/DataDetectorsCore
0x0000000006797000 	/System/Library/PrivateFrameworks/DesktopServicesPriv.framework/Versions/A/DesktopServicesPriv
0x0000000006797000 	/System/Library/Frameworks/Carbon.framework/Versions/A/Frameworks/HIToolbox.framework/Versions/A/HIToolbox
0x0000000006797000 	/System/Library/Frameworks/QuartzCore.framework/Versions/A/QuartzCore
0x0000000006797000 	/System/Library/Frameworks/Carbon.framework/Versions/A/Frameworks/SpeechRecognition.framework/Versions/A/SpeechRecognition
0x0000000006797000 	/usr/lib/libauto.dylib
0x0000000006797000 	/usr/lib/libicucore.A.dylib
0x0000000006797000 	/usr/lib/libxml2.2.dylib
0x0000000006797000 	/System/Library/PrivateFrameworks/CoreUI.framework/Versions/A/CoreUI
0x0000000006797000 	/System/Library/Frameworks/CoreAudio.framework/Versions/A/CoreAudio
0x0000000006797000 	/System/Library/Frameworks/DiskArbitration.framework/Versions/A/DiskArbitration
0x0000000006797000 	/usr/lib/liblangid.dylib
0x0000000006797000 	/System/Library/PrivateFrameworks/MultitouchSupport.framework/Versions/A/MultitouchSupport
0x0000000006797000 	/System/Library/Frameworks/IOKit.framework/Versions/A/IOKit
0x0000000006797000 	/usr/lib/libDiagnosticMessagesClient.dylib
0x0000000006797000 	/System/Library/Frameworks/CoreServices.framework/Versions/A/CoreServices
0x0000000006797000 	/System/Library/PrivateFrameworks/PerformanceAnalysis.framework/Versions/A/PerformanceAnalysis
0x0000000006797000 	/System/Library/PrivateFrameworks/GenerationalStorage.framework/Versions/A/GenerationalStorage
0x0000000006797000 	/System/Library/Frameworks/OpenGL.framework/Versions/A/OpenGL
0x0000000006797000 	/System/Library/PrivateFrameworks/Sharing.framework/Versions/A/Sharing
0x0000000006797000 	/System/Library/Frameworks/CoreGraphics.framework/Versions/A/CoreGraphics
0x0000000006797000 	/System/Library/Frameworks/CoreImage.framework/Versions/A/CoreImage
0x0000000006797000 	/System/Library/Frameworks/CoreText.framework/Versions/A/CoreText
0x0000000006797000 	/System/Library/Frameworks/ImageIO.framework/Versions/A/ImageIO
0x0000000006797000 	/System/Library/PrivateFrameworks/Backup.framework/Versions/A/Backup
0x0000000006797000 	/usr/lib/libextension.dylib
0x0000000006797000 	/usr/lib/libarchive.2.dylib
0x0000000006797000 	/System/Library/Frameworks/CFNetwork.framework/Versions/A/CFNetwork
0x0000000006797000 	/System/Library/Frameworks/SystemConfiguration.framework/Versions/A/SystemConfiguration
0x0000000006797000 	/usr/lib/libCRFSuite.dylib
0x0000000006797000 	/usr/lib/libc++.1.dylib
0x0000000006797000 	/usr/lib/libc++abi.dylib
0x0000000006797000 	/usr/lib/system/libcache.dylib
0x0000000006797000 	/usr/lib/system/libcommonCrypto.dylib
0x0000000006797000 	/usr/lib/system/libcompiler_rt.dylib
0x0000000006797000 	/usr/lib/system/libcopyfile.dylib
0x0000000006797000 	/usr/lib/system/libcorecrypto.dylib
0x0000000006797000 	/usr/lib/system/libdispatch.dylib
0x0000000006797000 	/usr/lib/system/libdyld.dylib
0x0000000006797000 	/usr/lib/system/libkeymgr.dylib
0x0000000006797000 	/usr/lib/system/liblaunch.dylib
0x0000000006797000 	/usr/lib/system/libmacho.dylib
0x0000000006797000 	/usr/lib/system/libquarantine.dylib
0x0000000006797000 	/usr/lib/system/libremovefile.dylib
0x0000000006797000 	/usr/lib/system/libsystem_asl.dylib
0x0000000006797000 	/usr/lib/system/libsystem_blocks.dylib
0x0000000006797000 	/usr/lib/system/libsystem_c.dylib
0x0000000006797000 	/usr/lib/system/libsystem_configuration.dylib
0x0000000006797000 	/usr/lib/system/libsystem_coreservices.dylib
0x0000000006797000 	/usr/lib/system/libsystem_coretls.dylib
0x0000000006797000 	/usr/lib/system/libsystem_dnssd.dylib
0x0000000006797000 	/usr/lib/system/libsystem_info.dylib
0x0000000006797000 	/usr/lib/system/libsystem_kernel.dylib
0x0000000006797000 	/usr/lib/system/libsystem_m.dylib
0x0000000006797000 	/usr/lib/system/libsystem_malloc.dylib
0x0000000006797000 	/usr/lib/system/libsystem_network.dylib
0x0000000006797000 	/usr/lib/system/libsystem_networkextension.dylib
0x0000000006797000 	/usr/lib/system/libsystem_notify.dylib
0x0000000006797000 	/usr/lib/system/libsystem_platform.dylib
0x0000000006797000 	/usr/lib/system/libsystem_pthread.dylib
0x0000000006797000 	/usr/lib/system/libsystem_sandbox.dylib
0x0000000006797000 	/usr/lib/system/libsystem_secinit.dylib
0x0000000006797000 	/usr/lib/system/libsystem_trace.dylib
0x0000000006797000 	/usr/lib/system/libunc.dylib
0x0000000006797000 	/usr/lib/system/libunwind.dylib
0x0000000006797000 	/usr/lib/system/libxpc.dylib
0x0000000006797000 	/usr/lib/libenergytrace.dylib
0x0000000006797000 	/usr/lib/libbsm.0.dylib
0x0000000006797000 	/usr/lib/system/libkxld.dylib
0x0000000006797000 	/usr/lib/libxar.1.dylib
0x0000000006797000 	/usr/lib/libsqlite3.dylib
0x0000000006797000 	/usr/lib/libpam.2.dylib
0x0000000006797000 	/usr/lib/libOpenScriptingUtil.dylib
0x0000000006797000 	/usr/lib/libbz2.1.0.dylib
0x0000000006797000 	/usr/lib/liblzma.5.dylib
0x0000000006797000 	/System/Library/Frameworks/CoreServices.framework/Versions/A/Frameworks/FSEvents.framework/Versions/A/FSEvents
0x0000000006797000 	/System/Library/Frameworks/CoreServices.framework/Versions/A/Frameworks/CarbonCore.framework/Versions/A/CarbonCore
0x0000000006797000 	/System/Library/Frameworks/CoreServices.framework/Versions/A/Frameworks/Metadata.framework/Versions/A/Metadata
0x0000000006797000 	/System/Library/Frameworks/CoreServices.framework/Versions/A/Frameworks/OSServices.framework/Versions/A/OSServices
0x0000000006797000 	/System/Library/Frameworks/CoreServices.framework/Versions/A/Frameworks/SearchKit.framework/Versions/A/SearchKit
0x0000000006797000 	/System/Library/Frameworks/CoreServices.framework/Versions/A/Frameworks/AE.framework/Versions/A/AE
0x0000000006797000 	/System/Library/Frameworks/CoreServices.framework/Versions/A/Frameworks/LaunchServices.framework/Versions/A/LaunchServices
0x0000000006797000 	/System/Library/Frameworks/CoreServices.framework/Versions/A/Frameworks/DictionaryServices.framework/Versions/A/DictionaryServices
0x0000000006797000 	/System/Library/Frameworks/CoreServices.framework/Versions/A/Frameworks/SharedFileList.framework/Versions/A/SharedFileList
0x0000000006797000 	/System/Library/Frameworks/NetFS.framework/Versions/A/NetFS
0x0000000006797000 	/System/Library/PrivateFrameworks/NetAuth.framework/Versions/A/NetAuth
0x0000000006797000 	/System/Library/PrivateFrameworks/login.framework/Versions/A/Frameworks/loginsupport.framework/Versions/A/loginsupport
0x0000000006797000 	/System/Library/PrivateFrameworks/TCC.framework/Versions/A/TCC
0x0000000006797000 	/usr/lib/libmecabra.dylib
0x0000000006797000 	/System/Library/Frameworks/ApplicationServices.framework/Versions/A/Frameworks/ATS.framework/Versions/A/ATS
0x0000000006797000 	/System/Library/Frameworks/ApplicationServices.framework/Versions/A/Frameworks/ColorSync.framework/Versions/A/ColorSync
0x0000000006797000 	/System/Library/Frameworks/ApplicationServices.framework/Versions/A/Frameworks/HIServices.framework/Versions/A/HIServices
0x0000000006797000 	/System/Library/Frameworks/ApplicationServices.framework/Versions/A/Frameworks/LangAnalysis.framework/Versions/A/LangAnalysis
0x0000000006797000 	/System/Library/Frameworks/ApplicationServices.framework/Versions/A/Frameworks/PrintCore.framework/Versions/A/PrintCore
0x0000000006797000 	/System/Library/Frameworks/ApplicationServices.framework/Versions/A/Frameworks/QD.framework/Versions/A/QD
0x0000000006797000 	/System/Library/Frameworks/ApplicationServices.framework/Versions/A/Frameworks/SpeechSynthesis.framework/Versions/A/SpeechSynthesis
0x0000000006797000 	/System/Library/Frameworks/Metal.framework/Versions/A/Metal
0x0000000006797000 	/System/Library/Frameworks/Accelerate.framework/Versions/A/Frameworks/vImage.framework/Versions/A/vImage
0x0000000006797000 	/System/Library/Frameworks/Accelerate.framework/Versions/A/Frameworks/vecLib.framework/Versions/A/vecLib
0x0000000006797000 	/System/Library/Frameworks/Accelerate.framework/Versions/A/Frameworks/vecLib.framework/Versions/A/libvDSP.dylib
0x0000000006797000 	/System/Library/Frameworks/Accelerate.framework/Versions/A/Frameworks/vecLib.framework/Versions/A/libvMisc.dylib
0x0000000006797000 	/System/Library/Frameworks/Accelerate.framework/Versions/A/Frameworks/vecLib.framework/Versions/A/libLAPACK.dylib
0x0000000006797000 	/System/Library/Frameworks/Accelerate.framework/Versions/A/Frameworks/vecLib.framework/Versions/A/libBLAS.dylib
0x0000000006797000 	/System/Library/Frameworks/Accelerate.framework/Versions/A/Frameworks/vecLib.framework/Versions/A/libLinearAlgebra.dylib
0x0000000006797000 	/System/Library/Frameworks/Accelerate.framework/Versions/A/Frameworks/vecLib.framework/Versions/A/libSparseBLAS.dylib
0x0000000006797000 	/System/Library/PrivateFrameworks/GPUCompiler.framework/libmetal_timestamp.dylib
0x0000000006797000 	/System/Library/Frameworks/OpenGL.framework/Versions/A/Libraries/libCoreFSCache.dylib
0x0000000006797000 	/System/Library/PrivateFrameworks/IOAccelerator.framework/Versions/A/IOAccelerator
0x0000000006797000 	/System/Library/Frameworks/ApplicationServices.framework/Versions/A/Frameworks/ATS.framework/Versions/A/Resources/libFontParser.dylib
0x0000000006797000 	/System/Library/Frameworks/ApplicationServices.framework/Versions/A/Frameworks/ATS.framework/Versions/A/Resources/libFontRegistry.dylib
0x0000000006797000 	/System/Library/PrivateFrameworks/AppleVPA.framework/Versions/A/AppleVPA
0x0000000006797000 	/System/Library/PrivateFrameworks/AppleJPEG.framework/Versions/A/AppleJPEG
0x0000000006797000 	/System/Library/Frameworks/ImageIO.framework/Versions/A/Resources/libJPEG.dylib
0x0000000006797000 	/System/Library/Frameworks/ImageIO.framework/Versions/A/Resources/libTIFF.dylib
0x0000000006797000 	/System/Library/Frameworks/ImageIO.framework/Versions/A/Resources/libPng.dylib
0x0000000006797000 	/System/Library/Frameworks/ImageIO.framework/Versions/A/Resources/libGIF.dylib
0x0000000006797000 	/System/Library/Frameworks/ImageIO.framework/Versions/A/Resources/libJP2.dylib
0x0000000006797000 	/System/Library/Frameworks/ImageIO.framework/Versions/A/Resources/libRadiance.dylib
0x0000000006797000 	/System/Library/Frameworks/CoreVideo.framework/Versions/A/CoreVideo
0x0000000006797000 	/System/Library/Frameworks/OpenGL.framework/Versions/A/Libraries/libGLU.dylib
0x0000000006797000 	/System/Library/Frameworks/OpenGL.framework/Versions/A/Libraries/libGFXShared.dylib
0x0000000006797000 	/System/Library/Frameworks/OpenGL.framework/Versions/A/Libraries/libGL.dylib
0x0000000006797000 	/System/Library/Frameworks/OpenGL.framework/Versions/A/Libraries/libGLImage.dylib
0x0000000006797000 	/System/Library/Frameworks/OpenGL.framework/Versions/A/Libraries/libCVMSPluginSupport.dylib
0x0000000006797000 	/System/Library/Frameworks/OpenGL.framework/Versions/A/Libraries/libCoreVMClient.dylib
0x0000000006797000 	/usr/lib/libcompression.dylib
0x0000000006797000 	/usr/lib/libcups.2.dylib
0x0000000006797000 	/System/Library/Frameworks/Kerberos.framework/Versions/A/Kerberos
0x0000000006797000 	/System/Library/Frameworks/GSS.framework/Versions/A/GSS
0x0000000006797000 	/usr/lib/libresolv.9.dylib
0x0000000006797000 	/usr/lib/libiconv.2.dylib
0x0000000006797000 	/System/Library/PrivateFrameworks/Heimdal.framework/Versions/A/Heimdal
0x0000000006797000 	/usr/lib/libheimdal-asn1.dylib
0x0000000006797000 	/System/Library/Frameworks/OpenDirectory.framework/Versions/A/OpenDirectory
0x0000000006797000 	/System/Library/PrivateFrameworks/CommonAuth.framework/Versions/A/CommonAuth
0x0000000006797000 	/System/Library/Frameworks/OpenDirectory.framework/Versions/A/Frameworks/CFOpenDirectory.framework/Versions/A/CFOpenDirectory
0x0000000006797000 	/System/Library/Frameworks/SecurityFoundation.framework/Versions/A/SecurityFoundation
0x0000000006797000 	/System/Library/PrivateFrameworks/LanguageModeling.framework/Versions/A/LanguageModeling
0x0000000006797000 	/usr/lib/libmarisa.dylib
0x0000000006797000 	/usr/lib/libChineseTokenizer.dylib
0x0000000006797000 	/usr/lib/libcmph.dylib
0x0000000006797000 	/System/Library/Frameworks/ServiceManagement.framework/Versions/A/ServiceManagement
0x0000000006797000 	/usr/lib/libxslt.1.dylib
0x0000000006797000 	/System/Library/Frameworks/Carbon.framework/Versions/A/Frameworks/Ink.framework/Versions/A/Ink
0x0000000006797000 	/usr/lib/libFosl_dynamic.dylib
0x0000000006797000 	/System/Library/PrivateFrameworks/FaceCore.framework/Versions/A/FaceCore
0x0000000006797000 	/System/Library/Frameworks/OpenCL.framework/Versions/A/OpenCL
0x0000000006797000 	/System/Library/PrivateFrameworks/CrashReporterSupport.framework/Versions/A/CrashReporterSupport
0x0000000006797000 	/System/Library/PrivateFrameworks/IconServices.framework/Versions/A/IconServices
0x0000000006797000 	/System/Library/PrivateFrameworks/Apple80211.framework/Versions/A/Apple80211
0x0000000006797000 	/System/Library/Frameworks/CoreWLAN.framework/Versions/A/CoreWLAN
0x0000000006797000 	/System/Library/Frameworks/IOBluetooth.framework/Versions/A/IOBluetooth
0x0000000006797000 	/System/Library/PrivateFrameworks/CoreWiFi.framework/Versions/A/CoreWiFi
0x0000000006797000 	/System/Library/Frameworks/CoreBluetooth.framework/Versions/A/CoreBluetooth
0x0000000006797000 	/System/Library/PrivateFrameworks/ChunkingLibrary.framework/Versions/A/ChunkingLibrary
0x0000000006797000 	/System/Library/PrivateFrameworks/DebugSymbols.framework/Versions/A/DebugSymbols
0x0000000006797000 	/System/Library/PrivateFrameworks/CoreSymbolication.framework/Versions/A/CoreSymbolication
0x0000000006797000 	/System/Library/PrivateFrameworks/Symbolication.framework/Versions/A/Symbolication
0x0000000006797000 	/System/Library/PrivateFrameworks/SpeechRecognitionCore.framework/Versions/A/SpeechRecognitionCore
0x000000010b200000 	/Library/Java/JavaVirtualMachines/jdk1.8.0_60.jdk/Contents/Home/jre/lib/server/libjvm.dylib
0x0000000006797000 	/usr/lib/libstdc++.6.dylib
0x000000010a1c5000 	/Library/Java/JavaVirtualMachines/jdk1.8.0_60.jdk/Contents/Home/jre/lib/libverify.dylib
0x000000010c189000 	/Library/Java/JavaVirtualMachines/jdk1.8.0_60.jdk/Contents/Home/jre/lib/libjava.dylib
0x000000010c1be000 	/Library/Java/JavaVirtualMachines/jdk1.8.0_60.jdk/Contents/Home/jre/lib/libjdwp.dylib
0x000000010a1d4000 	/Library/Java/JavaVirtualMachines/jdk1.8.0_60.jdk/Contents/Home/jre/lib/libnpt.dylib
0x000000010a1e1000 	/Library/Java/JavaVirtualMachines/jdk1.8.0_60.jdk/Contents/Home/jre/lib/libzip.dylib
0x00000001272be000 	/System/Library/Frameworks/JavaVM.framework/Frameworks/JavaRuntimeSupport.framework/JavaRuntimeSupport
0x000000010a1eb000 	/System/Library/Frameworks/JavaVM.framework/Versions/A/Frameworks/JavaNativeFoundation.framework/Versions/A/JavaNativeFoundation
0x00000001272d9000 	/System/Library/Frameworks/JavaVM.framework/Versions/A/JavaVM
0x0000000006797000 	/System/Library/Frameworks/Carbon.framework/Versions/A/Carbon
0x00000001272e6000 	/System/Library/PrivateFrameworks/JavaLaunching.framework/Versions/A/JavaLaunching
0x0000000006797000 	/System/Library/Frameworks/Carbon.framework/Versions/A/Frameworks/CommonPanels.framework/Versions/A/CommonPanels
0x0000000006797000 	/System/Library/Frameworks/Carbon.framework/Versions/A/Frameworks/Help.framework/Versions/A/Help
0x0000000006797000 	/System/Library/Frameworks/Carbon.framework/Versions/A/Frameworks/ImageCapture.framework/Versions/A/ImageCapture
0x0000000006797000 	/System/Library/Frameworks/Carbon.framework/Versions/A/Frameworks/OpenScripting.framework/Versions/A/OpenScripting
0x0000000006797000 	/System/Library/Frameworks/Carbon.framework/Versions/A/Frameworks/Print.framework/Versions/A/Print
0x0000000006797000 	/System/Library/Frameworks/Carbon.framework/Versions/A/Frameworks/SecurityHI.framework/Versions/A/SecurityHI
0x0000000128c0e000 	/Library/Java/JavaVirtualMachines/jdk1.8.0_60.jdk/Contents/Home/jre/lib/libdt_socket.dylib
0x0000000128c3b000 	/Library/Java/JavaVirtualMachines/jdk1.8.0_60.jdk/Contents/Home/jre/lib/libnet.dylib

VM Arguments:
jvm_args: -agentlib:jdwp=transport=dt_socket,suspend=y,address=localhost:49484 -Dfile.encoding=UTF-8 
java_command: de.lbe.sandbox.realtime.Realtime2Test
java_class_path (initial): /Users/lbeuster/projects/lars/sandbox/sandbox-realtime-co/target/test-classes:/Users/lbeuster/projects/lars/sandbox/sandbox-realtime-co/target/classes:/Users/lbeuster/.m2/repository/co/realtime/messaging/2.1.36/messaging-2.1.36.jar:/Users/lbeuster/.m2/repository/com/googlecode/json-simple/json-simple/1.1.1/json-simple-1.1.1.jar:/Users/lbeuster/projects/commons/ipool-commons-test/target/classes:/Users/lbeuster/projects/commons/ipool-commons-core/target/classes:/Users/lbeuster/.m2/repository/org/slf4j/slf4j-api/1.7.21/slf4j-api-1.7.21.jar:/Users/lbeuster/.m2/repository/com/google/guava/guava/19.0/guava-19.0.jar:/Users/lbeuster/.m2/repository/org/apache/commons/commons-lang3/3.4/commons-lang3-3.4.jar:/Users/lbeuster/.m2/repository/commons-io/commons-io/2.5/commons-io-2.5.jar:/Users/lbeuster/.m2/repository/commons-beanutils/commons-beanutils/1.9.2/commons-beanutils-1.9.2.jar:/Users/lbeuster/.m2/repository/commons-collections/commons-collections/3.2.2/commons-collections-3.2.2.jar:/Users/lbeuster/.m2/repository/org/mockito/mockito-core/1.10.19/mockito-core-1.10.19.jar:/Users/lbeuster/.m2/repository/org/objenesis/objenesis/2.1/objenesis-2.1.jar:/Users/lbeuster/.m2/repository/org/hamcrest/hamcrest-core/1.3/hamcrest-core-1.3.jar:/Users/lbeuster/.m2/repository/org/hamcrest/hamcrest-library/1.3/hamcrest-library-1.3.jar:/Users/lbeuster/.m2/repository/junit/junit/4.12/junit-4.12.jar:/Users/lbeuster/.m2/repository/pl/pragmatists/JUnitParams/1.0.5/JUnitParams-1.0.5.jar:/Users/lbeuster/.m2/repository/uk/co/jemos/podam/podam/6.0.2.RELEASE/podam-6.0.2.RELEASE.jar:/Users/lbeuster/.m2/repository/net/jcip/jcip-annotations/1.0/jcip-annotations-1.0.jar:/Users/lbeuster/.m2/repository/javax/annotation/jsr250-api/1.0/jsr250-api-1.0.jar:/Users/lbeuster/.m2/repository/javax/validation/validation-api/1.1.0.Final/validation-api-1.1.0.Final.jar:/Users/lbeuster/.m2/repository/org/springframework/spring-core/4.3.1.RELEASE/spring-core-4.3.1.RELEASE.jar:/Users/lbeuster/.
Launcher Type: SUN_STANDARD

Environment Variables:
JAVA_HOME=/Library/Java/JavaVirtualMachines/java/Contents/Home
PATH=/Users/lbeuster/bin:/Library/Java/JavaVirtualMachines/java/Contents/Home/bin:/usr/local/Cellar/maven/3.3.9/libexec/bin:/usr/local/bin:/usr/local/bin:/usr/bin:/bin:/usr/sbin:/sbin:/opt/X11/bin:/usr/local/sbin:/usr/local/Cellar/gradle/1.11/bin
SHELL=/bin/bash
DISPLAY=/private/tmp/com.apple.launchd.YEu1Pvjpis/org.macosforge.xquartz:0

Signal Handlers:
SIGSEGV: [libjvm.dylib+0x5a6d31], sa_mask[0]=11111111011111110111111111111111, sa_flags=SA_ONSTACK|SA_RESTART|SA_SIGINFO
SIGBUS: [libjvm.dylib+0x5a6d31], sa_mask[0]=11111111011111110111111111111111, sa_flags=SA_RESTART|SA_SIGINFO
SIGFPE: [libjvm.dylib+0x480a4c], sa_mask[0]=11111111011111110111111111111111, sa_flags=SA_RESTART|SA_SIGINFO
SIGPIPE: [libjvm.dylib+0x480a4c], sa_mask[0]=11111111011111110111111111111111, sa_flags=SA_RESTART|SA_SIGINFO
SIGXFSZ: [libjvm.dylib+0x480a4c], sa_mask[0]=11111111011111110111111111111111, sa_flags=SA_RESTART|SA_SIGINFO
SIGILL: [libjvm.dylib+0x480a4c], sa_mask[0]=11111111011111110111111111111111, sa_flags=SA_RESTART|SA_SIGINFO
SIGUSR1: SIG_DFL, sa_mask[0]=11011111011111100000000111000110, sa_flags=none
SIGUSR2: [libjvm.dylib+0x48056a], sa_mask[0]=00100000000000000000000000000000, sa_flags=SA_RESTART|SA_SIGINFO
SIGHUP: [libjvm.dylib+0x47eb41], sa_mask[0]=11111111011111110111111111111111, sa_flags=SA_RESTART|SA_SIGINFO
SIGINT: SIG_IGN, sa_mask[0]=00000000000000000000000000000000, sa_flags=none
SIGTERM: [libjvm.dylib+0x47eb41], sa_mask[0]=11111111011111110111111111111111, sa_flags=SA_RESTART|SA_SIGINFO
SIGQUIT: [libjvm.dylib+0x47eb41], sa_mask[0]=11111111011111110111111111111111, sa_flags=SA_RESTART|SA_SIGINFO


---------------  S Y S T E M  ---------------

OS:Bsduname:Darwin 15.5.0 Darwin Kernel Version 15.5.0: Tue Apr 19 18:36:36 PDT 2016; root:xnu-3248.50.21~8/RELEASE_X86_64 x86_64
rlimit: STACK 8192k, CORE 0k, NPROC 709, NOFILE 10240, AS infinity
load average:2,70 2,24 2,22

CPU:total 8 (4 cores per cpu, 2 threads per core) family 6 model 58 stepping 9, cmov, cx8, fxsr, mmx, sse, sse2, sse3, ssse3, sse4.1, sse4.2, popcnt, avx, aes, clmul, erms, ht, tsc, tscinvbit, tscinv

Memory: 4k page, physical 16777216k(813292k free)

/proc/meminfo:


vm_info: Java HotSpot(TM) 64-Bit Server VM (25.60-b23) for bsd-amd64 JRE (1.8.0_60-b27), built on Aug  4 2015 10:47:24 by "java_re" with gcc 4.2.1 (Based on Apple Inc. build 5658) (LLVM build 2336.11.00)

time: Sun Jul 17 23:10:53 2016
elapsed time: 110 seconds (0d 0h 1m 50s)

